{"/home/kobisteve07/projects/packetview/backend/src/services/NetworkAnalysisService.ts": {"path":"/home/kobisteve07/projects/packetview/backend/src/services/NetworkAnalysisService.ts","statementMap":{"0":{"start":{"line":1,"column":0},"end":{"line":1,"column":111}},"1":{"start":{"line":9,"column":4},"end":{"line":9,"column":29}},"2":{"start":{"line":10,"column":4},"end":{"line":10,"column":33}},"3":{"start":{"line":11,"column":4},"end":{"line":11,"column":33}},"4":{"start":{"line":12,"column":4},"end":{"line":14,"column":5}},"5":{"start":{"line":13,"column":6},"end":{"line":13,"column":79}},"6":{"start":{"line":18,"column":4},"end":{"line":25,"column":5}},"7":{"start":{"line":19,"column":6},"end":{"line":24,"column":9}},"8":{"start":{"line":26,"column":4},"end":{"line":26,"column":30}},"9":{"start":{"line":27,"column":4},"end":{"line":27,"column":34}},"10":{"start":{"line":28,"column":4},"end":{"line":28,"column":18}},"11":{"start":{"line":32,"column":22},"end":{"line":32,"column":82}},"12":{"start":{"line":33,"column":20},"end":{"line":33,"column":74}},"13":{"start":{"line":35,"column":4},"end":{"line":43,"column":5}},"14":{"start":{"line":36,"column":6},"end":{"line":36,"column":58}},"15":{"start":{"line":37,"column":27},"end":{"line":37,"column":60}},"16":{"start":{"line":38,"column":6},"end":{"line":40,"column":7}},"17":{"start":{"line":39,"column":8},"end":{"line":39,"column":118}},"18":{"start":{"line":41,"column":11},"end":{"line":43,"column":5}},"19":{"start":{"line":42,"column":6},"end":{"line":42,"column":98}},"20":{"start":{"line":45,"column":4},"end":{"line":53,"column":5}},"21":{"start":{"line":46,"column":6},"end":{"line":46,"column":54}},"22":{"start":{"line":47,"column":25},"end":{"line":47,"column":56}},"23":{"start":{"line":48,"column":6},"end":{"line":50,"column":7}},"24":{"start":{"line":49,"column":8},"end":{"line":49,"column":119}},"25":{"start":{"line":51,"column":11},"end":{"line":53,"column":5}},"26":{"start":{"line":52,"column":6},"end":{"line":52,"column":101}},"27":{"start":{"line":57,"column":4},"end":{"line":62,"column":36}},"28":{"start":{"line":66,"column":4},"end":{"line":96,"column":5}},"29":{"start":{"line":67,"column":36},"end":{"line":77,"column":8}},"30":{"start":{"line":78,"column":6},"end":{"line":78,"column":35}},"31":{"start":{"line":79,"column":6},"end":{"line":81,"column":7}},"32":{"start":{"line":80,"column":8},"end":{"line":80,"column":181}},"33":{"start":{"line":83,"column":21},"end":{"line":83,"column":41}},"34":{"start":{"line":84,"column":6},"end":{"line":89,"column":7}},"35":{"start":{"line":85,"column":8},"end":{"line":85,"column":25}},"36":{"start":{"line":86,"column":8},"end":{"line":88,"column":9}},"37":{"start":{"line":87,"column":10},"end":{"line":87,"column":87}},"38":{"start":{"line":90,"column":6},"end":{"line":95,"column":7}},"39":{"start":{"line":91,"column":29},"end":{"line":91,"column":65}},"40":{"start":{"line":92,"column":8},"end":{"line":94,"column":9}},"41":{"start":{"line":93,"column":10},"end":{"line":93,"column":226}},"42":{"start":{"line":100,"column":4},"end":{"line":102,"column":5}},"43":{"start":{"line":101,"column":6},"end":{"line":101,"column":32}},"44":{"start":{"line":104,"column":4},"end":{"line":106,"column":5}},"45":{"start":{"line":105,"column":6},"end":{"line":105,"column":32}},"46":{"start":{"line":108,"column":4},"end":{"line":110,"column":5}},"47":{"start":{"line":109,"column":6},"end":{"line":109,"column":29}},"48":{"start":{"line":112,"column":4},"end":{"line":112,"column":27}},"49":{"start":{"line":116,"column":25},"end":{"line":116,"column":53}},"50":{"start":{"line":117,"column":21},"end":{"line":117,"column":55}},"51":{"start":{"line":119,"column":4},"end":{"line":133,"column":5}},"52":{"start":{"line":120,"column":6},"end":{"line":128,"column":8}},"53":{"start":{"line":129,"column":6},"end":{"line":129,"column":53}},"54":{"start":{"line":130,"column":6},"end":{"line":132,"column":7}},"55":{"start":{"line":131,"column":8},"end":{"line":131,"column":164}},"56":{"start":{"line":135,"column":4},"end":{"line":135,"column":38}},"57":{"start":{"line":136,"column":4},"end":{"line":136,"column":28}},"58":{"start":{"line":137,"column":4},"end":{"line":137,"column":43}},"59":{"start":{"line":139,"column":4},"end":{"line":153,"column":5}},"60":{"start":{"line":140,"column":27},"end":{"line":140,"column":60}},"61":{"start":{"line":141,"column":25},"end":{"line":141,"column":56}},"62":{"start":{"line":142,"column":28},"end":{"line":151,"column":8}},"63":{"start":{"line":152,"column":6},"end":{"line":152,"column":87}},"64":{"start":{"line":155,"column":25},"end":{"line":155,"column":58}},"65":{"start":{"line":156,"column":23},"end":{"line":156,"column":54}},"66":{"start":{"line":158,"column":4},"end":{"line":161,"column":5}},"67":{"start":{"line":159,"column":6},"end":{"line":159,"column":45}},"68":{"start":{"line":160,"column":6},"end":{"line":160,"column":47}},"69":{"start":{"line":163,"column":4},"end":{"line":166,"column":5}},"70":{"start":{"line":164,"column":6},"end":{"line":164,"column":42}},"71":{"start":{"line":165,"column":6},"end":{"line":165,"column":45}},"72":{"start":{"line":168,"column":4},"end":{"line":170,"column":5}},"73":{"start":{"line":169,"column":6},"end":{"line":169,"column":216}},"74":{"start":{"line":174,"column":4},"end":{"line":174,"column":108}},"75":{"start":{"line":178,"column":27},"end":{"line":178,"column":33}},"76":{"start":{"line":179,"column":31},"end":{"line":179,"column":37}},"77":{"start":{"line":180,"column":16},"end":{"line":180,"column":26}},"78":{"start":{"line":182,"column":23},"end":{"line":182,"column":56}},"79":{"start":{"line":183,"column":27},"end":{"line":183,"column":64}},"80":{"start":{"line":185,"column":26},"end":{"line":186,"column":null}},"81":{"start":{"line":186,"column":16},"end":{"line":186,"column":54}},"82":{"start":{"line":189,"column":30},"end":{"line":190,"column":null}},"83":{"start":{"line":190,"column":20},"end":{"line":190,"column":66}},"84":{"start":{"line":193,"column":4},"end":{"line":223,"column":5}},"85":{"start":{"line":194,"column":6},"end":{"line":194,"column":148}},"86":{"start":{"line":196,"column":6},"end":{"line":208,"column":7}},"87":{"start":{"line":197,"column":8},"end":{"line":197,"column":85}},"88":{"start":{"line":198,"column":8},"end":{"line":207,"column":11}},"89":{"start":{"line":199,"column":10},"end":{"line":199,"column":73}},"90":{"start":{"line":200,"column":10},"end":{"line":200,"column":75}},"91":{"start":{"line":201,"column":10},"end":{"line":201,"column":82}},"92":{"start":{"line":202,"column":10},"end":{"line":202,"column":113}},"93":{"start":{"line":203,"column":10},"end":{"line":203,"column":92}},"94":{"start":{"line":204,"column":10},"end":{"line":204,"column":94}},"95":{"start":{"line":205,"column":10},"end":{"line":205,"column":115}},"96":{"start":{"line":206,"column":10},"end":{"line":206,"column":108}},"97":{"start":{"line":210,"column":6},"end":{"line":222,"column":7}},"98":{"start":{"line":211,"column":8},"end":{"line":211,"column":89}},"99":{"start":{"line":212,"column":8},"end":{"line":221,"column":11}},"100":{"start":{"line":213,"column":10},"end":{"line":213,"column":81}},"101":{"start":{"line":214,"column":10},"end":{"line":214,"column":85}},"102":{"start":{"line":215,"column":10},"end":{"line":215,"column":81}},"103":{"start":{"line":216,"column":10},"end":{"line":216,"column":87}},"104":{"start":{"line":217,"column":10},"end":{"line":217,"column":85}},"105":{"start":{"line":218,"column":10},"end":{"line":218,"column":89}},"106":{"start":{"line":219,"column":10},"end":{"line":219,"column":132}},"107":{"start":{"line":220,"column":10},"end":{"line":220,"column":112}},"108":{"start":{"line":225,"column":4},"end":{"line":229,"column":6}},"109":{"start":{"line":226,"column":46},"end":{"line":226,"column":55}},"110":{"start":{"line":227,"column":54},"end":{"line":227,"column":63}},"111":{"start":{"line":233,"column":4},"end":{"line":233,"column":32}},"112":{"start":{"line":237,"column":4},"end":{"line":241,"column":5}},"113":{"start":{"line":238,"column":6},"end":{"line":240,"column":7}},"114":{"start":{"line":239,"column":8},"end":{"line":239,"column":26}},"115":{"start":{"line":242,"column":4},"end":{"line":242,"column":21}},"116":{"start":{"line":246,"column":20},"end":{"line":246,"column":53}},"117":{"start":{"line":247,"column":4},"end":{"line":249,"column":5}},"118":{"start":{"line":248,"column":6},"end":{"line":248,"column":98}},"119":{"start":{"line":250,"column":4},"end":{"line":250,"column":19}},"120":{"start":{"line":254,"column":24},"end":{"line":254,"column":61}},"121":{"start":{"line":255,"column":4},"end":{"line":257,"column":5}},"122":{"start":{"line":256,"column":6},"end":{"line":256,"column":110}},"123":{"start":{"line":258,"column":4},"end":{"line":258,"column":23}},"124":{"start":{"line":262,"column":4},"end":{"line":264,"column":5}},"125":{"start":{"line":263,"column":6},"end":{"line":263,"column":83}},"126":{"start":{"line":265,"column":4},"end":{"line":265,"column":25}},"127":{"start":{"line":266,"column":4},"end":{"line":266,"column":29}},"128":{"start":{"line":3,"column":0},"end":{"line":3,"column":13}}},"fnMap":{"0":{"name":"(anonymous_0)","decl":{"start":{"line":8,"column":2},"end":{"line":8,"column":14}},"loc":{"start":{"line":8,"column":106},"end":{"line":15,"column":3}}},"1":{"name":"(anonymous_1)","decl":{"start":{"line":17,"column":2},"end":{"line":17,"column":15}},"loc":{"start":{"line":17,"column":30},"end":{"line":29,"column":3}}},"2":{"name":"(anonymous_2)","decl":{"start":{"line":31,"column":10},"end":{"line":31,"column":22}},"loc":{"start":{"line":31,"column":37},"end":{"line":54,"column":3}}},"3":{"name":"(anonymous_3)","decl":{"start":{"line":56,"column":10},"end":{"line":56,"column":26}},"loc":{"start":{"line":56,"column":37},"end":{"line":63,"column":3}}},"4":{"name":"(anonymous_4)","decl":{"start":{"line":65,"column":10},"end":{"line":65,"column":28}},"loc":{"start":{"line":65,"column":57},"end":{"line":97,"column":3}}},"5":{"name":"(anonymous_5)","decl":{"start":{"line":99,"column":10},"end":{"line":99,"column":26}},"loc":{"start":{"line":99,"column":37},"end":{"line":113,"column":3}}},"6":{"name":"(anonymous_6)","decl":{"start":{"line":115,"column":10},"end":{"line":115,"column":26}},"loc":{"start":{"line":115,"column":41},"end":{"line":171,"column":3}}},"7":{"name":"(anonymous_7)","decl":{"start":{"line":173,"column":10},"end":{"line":173,"column":25}},"loc":{"start":{"line":173,"column":40},"end":{"line":175,"column":3}}},"8":{"name":"(anonymous_8)","decl":{"start":{"line":177,"column":2},"end":{"line":177,"column":17}},"loc":{"start":{"line":177,"column":17},"end":{"line":230,"column":3}}},"9":{"name":"(anonymous_9)","decl":{"start":{"line":186,"column":6},"end":{"line":186,"column":12}},"loc":{"start":{"line":186,"column":16},"end":{"line":186,"column":54}}},"10":{"name":"(anonymous_10)","decl":{"start":{"line":190,"column":6},"end":{"line":190,"column":16}},"loc":{"start":{"line":190,"column":20},"end":{"line":190,"column":66}}},"11":{"name":"(anonymous_11)","decl":{"start":{"line":198,"column":30},"end":{"line":198,"column":36}},"loc":{"start":{"line":198,"column":39},"end":{"line":207,"column":9}}},"12":{"name":"(anonymous_12)","decl":{"start":{"line":212,"column":34},"end":{"line":212,"column":44}},"loc":{"start":{"line":212,"column":47},"end":{"line":221,"column":9}}},"13":{"name":"(anonymous_13)","decl":{"start":{"line":226,"column":41},"end":{"line":226,"column":42}},"loc":{"start":{"line":226,"column":46},"end":{"line":226,"column":55}}},"14":{"name":"(anonymous_14)","decl":{"start":{"line":227,"column":49},"end":{"line":227,"column":50}},"loc":{"start":{"line":227,"column":54},"end":{"line":227,"column":63}}},"15":{"name":"(anonymous_15)","decl":{"start":{"line":232,"column":2},"end":{"line":232,"column":11}},"loc":{"start":{"line":232,"column":22},"end":{"line":234,"column":3}}},"16":{"name":"(anonymous_16)","decl":{"start":{"line":236,"column":2},"end":{"line":236,"column":15}},"loc":{"start":{"line":236,"column":68},"end":{"line":243,"column":3}}},"17":{"name":"(anonymous_17)","decl":{"start":{"line":245,"column":2},"end":{"line":245,"column":15}},"loc":{"start":{"line":245,"column":15},"end":{"line":251,"column":3}}},"18":{"name":"(anonymous_18)","decl":{"start":{"line":253,"column":2},"end":{"line":253,"column":19}},"loc":{"start":{"line":253,"column":19},"end":{"line":259,"column":3}}},"19":{"name":"(anonymous_19)","decl":{"start":{"line":261,"column":2},"end":{"line":261,"column":7}},"loc":{"start":{"line":261,"column":7},"end":{"line":267,"column":3}}}},"branchMap":{"0":{"loc":{"start":{"line":8,"column":14},"end":{"line":8,"column":106}},"type":"default-arg","locations":[{"start":{"line":8,"column":36},"end":{"line":8,"column":106}}]},"1":{"loc":{"start":{"line":8,"column":36},"end":{"line":8,"column":106}},"type":"binary-expr","locations":[{"start":{"line":8,"column":36},"end":{"line":8,"column":74}},{"start":{"line":8,"column":78},"end":{"line":8,"column":106}}]},"2":{"loc":{"start":{"line":12,"column":4},"end":{"line":14,"column":5}},"type":"if","locations":[{"start":{"line":12,"column":4},"end":{"line":14,"column":5}},{"start":{},"end":{}}]},"3":{"loc":{"start":{"line":18,"column":4},"end":{"line":25,"column":5}},"type":"if","locations":[{"start":{"line":18,"column":4},"end":{"line":25,"column":5}},{"start":{},"end":{}}]},"4":{"loc":{"start":{"line":32,"column":22},"end":{"line":32,"column":82}},"type":"binary-expr","locations":[{"start":{"line":32,"column":22},"end":{"line":32,"column":76}},{"start":{"line":32,"column":80},"end":{"line":32,"column":82}}]},"5":{"loc":{"start":{"line":33,"column":20},"end":{"line":33,"column":74}},"type":"binary-expr","locations":[{"start":{"line":33,"column":20},"end":{"line":33,"column":68}},{"start":{"line":33,"column":72},"end":{"line":33,"column":74}}]},"6":{"loc":{"start":{"line":35,"column":4},"end":{"line":43,"column":5}},"type":"if","locations":[{"start":{"line":35,"column":4},"end":{"line":43,"column":5}},{"start":{"line":41,"column":11},"end":{"line":43,"column":5}}]},"7":{"loc":{"start":{"line":38,"column":6},"end":{"line":40,"column":7}},"type":"if","locations":[{"start":{"line":38,"column":6},"end":{"line":40,"column":7}},{"start":{},"end":{}}]},"8":{"loc":{"start":{"line":38,"column":10},"end":{"line":38,"column":41}},"type":"binary-expr","locations":[{"start":{"line":38,"column":10},"end":{"line":38,"column":22}},{"start":{"line":38,"column":26},"end":{"line":38,"column":41}}]},"9":{"loc":{"start":{"line":41,"column":11},"end":{"line":43,"column":5}},"type":"if","locations":[{"start":{"line":41,"column":11},"end":{"line":43,"column":5}},{"start":{},"end":{}}]},"10":{"loc":{"start":{"line":45,"column":4},"end":{"line":53,"column":5}},"type":"if","locations":[{"start":{"line":45,"column":4},"end":{"line":53,"column":5}},{"start":{"line":51,"column":11},"end":{"line":53,"column":5}}]},"11":{"loc":{"start":{"line":48,"column":6},"end":{"line":50,"column":7}},"type":"if","locations":[{"start":{"line":48,"column":6},"end":{"line":50,"column":7}},{"start":{},"end":{}}]},"12":{"loc":{"start":{"line":48,"column":10},"end":{"line":48,"column":39}},"type":"binary-expr","locations":[{"start":{"line":48,"column":10},"end":{"line":48,"column":20}},{"start":{"line":48,"column":24},"end":{"line":48,"column":39}}]},"13":{"loc":{"start":{"line":51,"column":11},"end":{"line":53,"column":5}},"type":"if","locations":[{"start":{"line":51,"column":11},"end":{"line":53,"column":5}},{"start":{},"end":{}}]},"14":{"loc":{"start":{"line":57,"column":11},"end":{"line":62,"column":35}},"type":"binary-expr","locations":[{"start":{"line":57,"column":11},"end":{"line":57,"column":32}},{"start":{"line":58,"column":11},"end":{"line":58,"column":32}},{"start":{"line":59,"column":11},"end":{"line":59,"column":32}},{"start":{"line":60,"column":11},"end":{"line":60,"column":32}},{"start":{"line":61,"column":11},"end":{"line":61,"column":27}},{"start":{"line":62,"column":11},"end":{"line":62,"column":35}}]},"15":{"loc":{"start":{"line":65,"column":41},"end":{"line":65,"column":57}},"type":"default-arg","locations":[{"start":{"line":65,"column":55},"end":{"line":65,"column":57}}]},"16":{"loc":{"start":{"line":66,"column":4},"end":{"line":96,"column":5}},"type":"if","locations":[{"start":{"line":66,"column":4},"end":{"line":96,"column":5}},{"start":{"line":82,"column":11},"end":{"line":96,"column":5}}]},"17":{"loc":{"start":{"line":79,"column":6},"end":{"line":81,"column":7}},"type":"if","locations":[{"start":{"line":79,"column":6},"end":{"line":81,"column":7}},{"start":{},"end":{}}]},"18":{"loc":{"start":{"line":80,"column":83},"end":{"line":80,"column":95}},"type":"binary-expr","locations":[{"start":{"line":80,"column":83},"end":{"line":80,"column":86}},{"start":{"line":80,"column":90},"end":{"line":80,"column":95}}]},"19":{"loc":{"start":{"line":84,"column":6},"end":{"line":89,"column":7}},"type":"if","locations":[{"start":{"line":84,"column":6},"end":{"line":89,"column":7}},{"start":{},"end":{}}]},"20":{"loc":{"start":{"line":84,"column":10},"end":{"line":84,"column":38}},"type":"binary-expr","locations":[{"start":{"line":84,"column":10},"end":{"line":84,"column":16}},{"start":{"line":84,"column":20},"end":{"line":84,"column":23}},{"start":{"line":84,"column":27},"end":{"line":84,"column":38}}]},"21":{"loc":{"start":{"line":86,"column":8},"end":{"line":88,"column":9}},"type":"if","locations":[{"start":{"line":86,"column":8},"end":{"line":88,"column":9}},{"start":{},"end":{}}]},"22":{"loc":{"start":{"line":90,"column":6},"end":{"line":95,"column":7}},"type":"if","locations":[{"start":{"line":90,"column":6},"end":{"line":95,"column":7}},{"start":{},"end":{}}]},"23":{"loc":{"start":{"line":90,"column":10},"end":{"line":90,"column":35}},"type":"binary-expr","locations":[{"start":{"line":90,"column":10},"end":{"line":90,"column":16}},{"start":{"line":90,"column":20},"end":{"line":90,"column":35}}]},"24":{"loc":{"start":{"line":92,"column":8},"end":{"line":94,"column":9}},"type":"if","locations":[{"start":{"line":92,"column":8},"end":{"line":94,"column":9}},{"start":{},"end":{}}]},"25":{"loc":{"start":{"line":100,"column":4},"end":{"line":102,"column":5}},"type":"if","locations":[{"start":{"line":100,"column":4},"end":{"line":102,"column":5}},{"start":{},"end":{}}]},"26":{"loc":{"start":{"line":100,"column":8},"end":{"line":100,"column":49}},"type":"binary-expr","locations":[{"start":{"line":100,"column":8},"end":{"line":100,"column":29}},{"start":{"line":100,"column":33},"end":{"line":100,"column":49}}]},"27":{"loc":{"start":{"line":104,"column":4},"end":{"line":106,"column":5}},"type":"if","locations":[{"start":{"line":104,"column":4},"end":{"line":106,"column":5}},{"start":{},"end":{}}]},"28":{"loc":{"start":{"line":104,"column":8},"end":{"line":104,"column":105}},"type":"binary-expr","locations":[{"start":{"line":104,"column":8},"end":{"line":104,"column":25}},{"start":{"line":104,"column":30},"end":{"line":104,"column":55}},{"start":{"line":104,"column":59},"end":{"line":104,"column":79}},{"start":{"line":104,"column":83},"end":{"line":104,"column":104}}]},"29":{"loc":{"start":{"line":108,"column":4},"end":{"line":110,"column":5}},"type":"if","locations":[{"start":{"line":108,"column":4},"end":{"line":110,"column":5}},{"start":{},"end":{}}]},"30":{"loc":{"start":{"line":108,"column":8},"end":{"line":108,"column":82}},"type":"binary-expr","locations":[{"start":{"line":108,"column":8},"end":{"line":108,"column":33}},{"start":{"line":108,"column":37},"end":{"line":108,"column":57}},{"start":{"line":108,"column":61},"end":{"line":108,"column":82}}]},"31":{"loc":{"start":{"line":119,"column":4},"end":{"line":133,"column":5}},"type":"if","locations":[{"start":{"line":119,"column":4},"end":{"line":133,"column":5}},{"start":{},"end":{}}]},"32":{"loc":{"start":{"line":130,"column":6},"end":{"line":132,"column":7}},"type":"if","locations":[{"start":{"line":130,"column":6},"end":{"line":132,"column":7}},{"start":{},"end":{}}]},"33":{"loc":{"start":{"line":139,"column":4},"end":{"line":153,"column":5}},"type":"if","locations":[{"start":{"line":139,"column":4},"end":{"line":153,"column":5}},{"start":{},"end":{}}]},"34":{"loc":{"start":{"line":149,"column":20},"end":{"line":149,"column":51}},"type":"binary-expr","locations":[{"start":{"line":149,"column":20},"end":{"line":149,"column":38}},{"start":{"line":149,"column":42},"end":{"line":149,"column":51}}]},"35":{"loc":{"start":{"line":150,"column":18},"end":{"line":150,"column":47}},"type":"binary-expr","locations":[{"start":{"line":150,"column":18},"end":{"line":150,"column":34}},{"start":{"line":150,"column":38},"end":{"line":150,"column":47}}]},"36":{"loc":{"start":{"line":158,"column":4},"end":{"line":161,"column":5}},"type":"if","locations":[{"start":{"line":158,"column":4},"end":{"line":161,"column":5}},{"start":{},"end":{}}]},"37":{"loc":{"start":{"line":163,"column":4},"end":{"line":166,"column":5}},"type":"if","locations":[{"start":{"line":163,"column":4},"end":{"line":166,"column":5}},{"start":{},"end":{}}]},"38":{"loc":{"start":{"line":168,"column":4},"end":{"line":170,"column":5}},"type":"if","locations":[{"start":{"line":168,"column":4},"end":{"line":170,"column":5}},{"start":{},"end":{}}]},"39":{"loc":{"start":{"line":168,"column":8},"end":{"line":168,"column":57}},"type":"binary-expr","locations":[{"start":{"line":168,"column":8},"end":{"line":168,"column":23}},{"start":{"line":168,"column":27},"end":{"line":168,"column":57}}]},"40":{"loc":{"start":{"line":193,"column":4},"end":{"line":223,"column":5}},"type":"if","locations":[{"start":{"line":193,"column":4},"end":{"line":223,"column":5}},{"start":{},"end":{}}]},"41":{"loc":{"start":{"line":196,"column":6},"end":{"line":208,"column":7}},"type":"if","locations":[{"start":{"line":196,"column":6},"end":{"line":208,"column":7}},{"start":{},"end":{}}]},"42":{"loc":{"start":{"line":201,"column":59},"end":{"line":201,"column":78}},"type":"binary-expr","locations":[{"start":{"line":201,"column":59},"end":{"line":201,"column":69}},{"start":{"line":201,"column":73},"end":{"line":201,"column":78}}]},"43":{"loc":{"start":{"line":210,"column":6},"end":{"line":222,"column":7}},"type":"if","locations":[{"start":{"line":210,"column":6},"end":{"line":222,"column":7}},{"start":{},"end":{}}]},"44":{"loc":{"start":{"line":238,"column":6},"end":{"line":240,"column":7}},"type":"if","locations":[{"start":{"line":238,"column":6},"end":{"line":240,"column":7}},{"start":{},"end":{}}]},"45":{"loc":{"start":{"line":238,"column":10},"end":{"line":238,"column":110}},"type":"binary-expr","locations":[{"start":{"line":238,"column":10},"end":{"line":238,"column":42}},{"start":{"line":238,"column":46},"end":{"line":238,"column":74}},{"start":{"line":238,"column":78},"end":{"line":238,"column":110}}]},"46":{"loc":{"start":{"line":247,"column":4},"end":{"line":249,"column":5}},"type":"if","locations":[{"start":{"line":247,"column":4},"end":{"line":249,"column":5}},{"start":{},"end":{}}]},"47":{"loc":{"start":{"line":255,"column":4},"end":{"line":257,"column":5}},"type":"if","locations":[{"start":{"line":255,"column":4},"end":{"line":257,"column":5}},{"start":{},"end":{}}]},"48":{"loc":{"start":{"line":262,"column":4},"end":{"line":264,"column":5}},"type":"if","locations":[{"start":{"line":262,"column":4},"end":{"line":264,"column":5}},{"start":{},"end":{}}]}},"s":{"0":1,"1":22,"2":22,"3":22,"4":22,"5":0,"6":30,"7":0,"8":30,"9":30,"10":30,"11":30,"12":30,"13":30,"14":29,"15":29,"16":29,"17":0,"18":1,"19":0,"20":30,"21":28,"22":28,"23":28,"24":0,"25":2,"26":0,"27":60,"28":57,"29":45,"30":45,"31":45,"32":0,"33":12,"34":12,"35":2,"36":2,"37":0,"38":12,"39":0,"40":0,"41":0,"42":45,"43":0,"44":45,"45":22,"46":23,"47":23,"48":0,"49":30,"50":30,"51":30,"52":28,"53":28,"54":28,"55":0,"56":30,"57":30,"58":30,"59":30,"60":0,"61":0,"62":0,"63":0,"64":30,"65":30,"66":30,"67":29,"68":29,"69":30,"70":28,"71":28,"72":30,"73":0,"74":30,"75":4,"76":4,"77":4,"78":4,"79":4,"80":4,"81":8,"82":4,"83":4,"84":4,"85":0,"86":0,"87":0,"88":0,"89":0,"90":0,"91":0,"92":0,"93":0,"94":0,"95":0,"96":0,"97":0,"98":0,"99":0,"100":0,"101":0,"102":0,"103":0,"104":0,"105":0,"106":0,"107":0,"108":4,"109":4,"110":2,"111":10,"112":2,"113":2,"114":2,"115":0,"116":6,"117":6,"118":0,"119":6,"120":3,"121":3,"122":0,"123":3,"124":1,"125":0,"126":1,"127":1,"128":1},"f":{"0":22,"1":30,"2":30,"3":60,"4":57,"5":45,"6":30,"7":30,"8":4,"9":8,"10":4,"11":0,"12":0,"13":4,"14":2,"15":10,"16":2,"17":6,"18":3,"19":1},"b":{"0":[0],"1":[0,0],"2":[0,22],"3":[0,30],"4":[30,27],"5":[30,27],"6":[29,1],"7":[0,29],"8":[29,29],"9":[0,1],"10":[28,2],"11":[0,28],"12":[28,28],"13":[0,2],"14":[60,59,58,57,57,57],"15":[0],"16":[45,12],"17":[0,45],"18":[0,0],"19":[2,10],"20":[12,12,2],"21":[0,2],"22":[0,12],"23":[12,12],"24":[0,0],"25":[0,45],"26":[45,45],"27":[22,23],"28":[45,22,1,0],"29":[23,0],"30":[23,3,2],"31":[28,2],"32":[0,28],"33":[0,30],"34":[0,0],"35":[0,0],"36":[29,1],"37":[28,2],"38":[0,30],"39":[30,0],"40":[0,4],"41":[0,0],"42":[0,0],"43":[0,0],"44":[2,0],"45":[2,2,2],"46":[0,6],"47":[0,3],"48":[0,1]}}
,"/home/kobisteve07/projects/packetview/backend/src/services/PacketCaptureService.ts": {"path":"/home/kobisteve07/projects/packetview/backend/src/services/PacketCaptureService.ts","statementMap":{"0":{"start":{"line":1,"column":0},"end":{"line":1,"column":38}},"1":{"start":{"line":2,"column":0},"end":{"line":2,"column":52}},"2":{"start":{"line":6,"column":48},"end":{"line":6,"column":52}},"3":{"start":{"line":7,"column":31},"end":{"line":7,"column":36}},"4":{"start":{"line":9,"column":32},"end":{"line":9,"column":33}},"5":{"start":{"line":12,"column":4},"end":{"line":12,"column":12}},"6":{"start":{"line":13,"column":4},"end":{"line":13,"column":33}},"7":{"start":{"line":17,"column":4},"end":{"line":39,"column":7}},"8":{"start":{"line":18,"column":24},"end":{"line":18,"column":53}},"9":{"start":{"line":19,"column":19},"end":{"line":19,"column":21}},"10":{"start":{"line":20,"column":24},"end":{"line":20,"column":26}},"11":{"start":{"line":22,"column":6},"end":{"line":24,"column":9}},"12":{"start":{"line":23,"column":8},"end":{"line":23,"column":34}},"13":{"start":{"line":26,"column":6},"end":{"line":28,"column":9}},"14":{"start":{"line":27,"column":8},"end":{"line":27,"column":39}},"15":{"start":{"line":30,"column":6},"end":{"line":38,"column":9}},"16":{"start":{"line":31,"column":8},"end":{"line":34,"column":9}},"17":{"start":{"line":32,"column":10},"end":{"line":32,"column":72}},"18":{"start":{"line":33,"column":10},"end":{"line":33,"column":17}},"19":{"start":{"line":36,"column":27},"end":{"line":36,"column":53}},"20":{"start":{"line":37,"column":8},"end":{"line":37,"column":28}},"21":{"start":{"line":43,"column":4},"end":{"line":43,"column":83}},"22":{"start":{"line":44,"column":4},"end":{"line":44,"column":60}},"23":{"start":{"line":46,"column":4},"end":{"line":48,"column":5}},"24":{"start":{"line":47,"column":6},"end":{"line":47,"column":53}},"25":{"start":{"line":50,"column":26},"end":{"line":57,"column":6}},"26":{"start":{"line":59,"column":24},"end":{"line":66,"column":6}},"27":{"start":{"line":68,"column":4},"end":{"line":70,"column":5}},"28":{"start":{"line":69,"column":6},"end":{"line":69,"column":31}},"29":{"start":{"line":72,"column":4},"end":{"line":72,"column":60}},"30":{"start":{"line":74,"column":4},"end":{"line":74,"column":56}},"31":{"start":{"line":76,"column":4},"end":{"line":79,"column":7}},"32":{"start":{"line":77,"column":6},"end":{"line":77,"column":81}},"33":{"start":{"line":78,"column":6},"end":{"line":78,"column":18}},"34":{"start":{"line":81,"column":4},"end":{"line":96,"column":7}},"35":{"start":{"line":82,"column":23},"end":{"line":82,"column":38}},"36":{"start":{"line":85,"column":8},"end":{"line":90,"column":54}},"37":{"start":{"line":92,"column":6},"end":{"line":95,"column":7}},"38":{"start":{"line":93,"column":8},"end":{"line":93,"column":74}},"39":{"start":{"line":94,"column":8},"end":{"line":94,"column":48}},"40":{"start":{"line":98,"column":4},"end":{"line":118,"column":7}},"41":{"start":{"line":99,"column":20},"end":{"line":99,"column":47}},"42":{"start":{"line":100,"column":6},"end":{"line":117,"column":7}},"43":{"start":{"line":101,"column":28},"end":{"line":101,"column":39}},"44":{"start":{"line":102,"column":8},"end":{"line":116,"column":9}},"45":{"start":{"line":103,"column":25},"end":{"line":103,"column":59}},"46":{"start":{"line":104,"column":10},"end":{"line":115,"column":11}},"47":{"start":{"line":105,"column":12},"end":{"line":105,"column":31}},"48":{"start":{"line":106,"column":12},"end":{"line":108,"column":13}},"49":{"start":{"line":107,"column":14},"end":{"line":107,"column":97}},"50":{"start":{"line":109,"column":12},"end":{"line":111,"column":13}},"51":{"start":{"line":110,"column":14},"end":{"line":110,"column":191}},"52":{"start":{"line":112,"column":12},"end":{"line":112,"column":40}},"53":{"start":{"line":113,"column":17},"end":{"line":115,"column":11}},"54":{"start":{"line":114,"column":12},"end":{"line":114,"column":95}},"55":{"start":{"line":120,"column":4},"end":{"line":125,"column":7}},"56":{"start":{"line":121,"column":6},"end":{"line":121,"column":29}},"57":{"start":{"line":122,"column":6},"end":{"line":124,"column":7}},"58":{"start":{"line":123,"column":8},"end":{"line":123,"column":74}},"59":{"start":{"line":127,"column":4},"end":{"line":127,"column":26}},"60":{"start":{"line":128,"column":4},"end":{"line":130,"column":5}},"61":{"start":{"line":129,"column":6},"end":{"line":129,"column":73}},"62":{"start":{"line":134,"column":4},"end":{"line":137,"column":5}},"63":{"start":{"line":135,"column":6},"end":{"line":135,"column":92}},"64":{"start":{"line":136,"column":6},"end":{"line":136,"column":104}},"65":{"start":{"line":139,"column":4},"end":{"line":144,"column":5}},"66":{"start":{"line":140,"column":6},"end":{"line":142,"column":7}},"67":{"start":{"line":141,"column":8},"end":{"line":141,"column":73}},"68":{"start":{"line":143,"column":6},"end":{"line":143,"column":13}},"69":{"start":{"line":146,"column":4},"end":{"line":159,"column":5}},"70":{"start":{"line":147,"column":6},"end":{"line":149,"column":7}},"71":{"start":{"line":148,"column":8},"end":{"line":148,"column":83}},"72":{"start":{"line":150,"column":6},"end":{"line":150,"column":42}},"73":{"start":{"line":152,"column":6},"end":{"line":156,"column":9}},"74":{"start":{"line":153,"column":8},"end":{"line":155,"column":9}},"75":{"start":{"line":154,"column":10},"end":{"line":154,"column":71}},"76":{"start":{"line":158,"column":6},"end":{"line":158,"column":33}},"77":{"start":{"line":161,"column":4},"end":{"line":161,"column":25}},"78":{"start":{"line":162,"column":4},"end":{"line":162,"column":27}},"79":{"start":{"line":163,"column":4},"end":{"line":165,"column":5}},"80":{"start":{"line":164,"column":6},"end":{"line":164,"column":61}},"81":{"start":{"line":169,"column":4},"end":{"line":169,"column":26}},"82":{"start":{"line":173,"column":40},"end":{"line":173,"column":42}},"83":{"start":{"line":174,"column":18},"end":{"line":174,"column":36}},"84":{"start":{"line":175,"column":58},"end":{"line":175,"column":62}},"85":{"start":{"line":177,"column":4},"end":{"line":202,"column":5}},"86":{"start":{"line":178,"column":26},"end":{"line":178,"column":37}},"87":{"start":{"line":180,"column":29},"end":{"line":180,"column":74}},"88":{"start":{"line":181,"column":6},"end":{"line":194,"column":7}},"89":{"start":{"line":182,"column":8},"end":{"line":189,"column":9}},"90":{"start":{"line":183,"column":10},"end":{"line":188,"column":13}},"91":{"start":{"line":190,"column":21},"end":{"line":190,"column":52}},"92":{"start":{"line":191,"column":21},"end":{"line":191,"column":86}},"93":{"start":{"line":192,"column":8},"end":{"line":192,"column":42}},"94":{"start":{"line":193,"column":8},"end":{"line":193,"column":17}},"95":{"start":{"line":196,"column":6},"end":{"line":201,"column":7}},"96":{"start":{"line":197,"column":26},"end":{"line":197,"column":63}},"97":{"start":{"line":198,"column":8},"end":{"line":200,"column":9}},"98":{"start":{"line":199,"column":10},"end":{"line":199,"column":45}},"99":{"start":{"line":204,"column":4},"end":{"line":211,"column":5}},"100":{"start":{"line":205,"column":6},"end":{"line":210,"column":9}},"101":{"start":{"line":213,"column":4},"end":{"line":213,"column":22}},"102":{"start":{"line":217,"column":4},"end":{"line":219,"column":5}},"103":{"start":{"line":218,"column":6},"end":{"line":218,"column":18}},"104":{"start":{"line":221,"column":4},"end":{"line":223,"column":5}},"105":{"start":{"line":222,"column":6},"end":{"line":222,"column":18}},"106":{"start":{"line":225,"column":4},"end":{"line":302,"column":5}},"107":{"start":{"line":226,"column":19},"end":{"line":226,"column":23}},"108":{"start":{"line":227,"column":17},"end":{"line":227,"column":19}},"109":{"start":{"line":229,"column":23},"end":{"line":229,"column":82}},"110":{"start":{"line":230,"column":6},"end":{"line":236,"column":7}},"111":{"start":{"line":231,"column":8},"end":{"line":231,"column":55}},"112":{"start":{"line":232,"column":24},"end":{"line":232,"column":43}},"113":{"start":{"line":233,"column":8},"end":{"line":235,"column":9}},"114":{"start":{"line":234,"column":10},"end":{"line":234,"column":43}},"115":{"start":{"line":238,"column":26},"end":{"line":238,"column":167}},"116":{"start":{"line":239,"column":6},"end":{"line":241,"column":7}},"117":{"start":{"line":240,"column":8},"end":{"line":240,"column":20}},"118":{"start":{"line":243,"column":23},"end":{"line":243,"column":37}},"119":{"start":{"line":244,"column":23},"end":{"line":244,"column":58}},"120":{"start":{"line":245,"column":21},"end":{"line":245,"column":35}},"121":{"start":{"line":246,"column":21},"end":{"line":246,"column":56}},"122":{"start":{"line":248,"column":29},"end":{"line":248,"column":34}},"123":{"start":{"line":249,"column":17},"end":{"line":249,"column":18}},"124":{"start":{"line":251,"column":6},"end":{"line":279,"column":7}},"125":{"start":{"line":252,"column":8},"end":{"line":252,"column":25}},"126":{"start":{"line":253,"column":28},"end":{"line":253,"column":58}},"127":{"start":{"line":254,"column":8},"end":{"line":256,"column":9}},"128":{"start":{"line":255,"column":10},"end":{"line":255,"column":46}},"129":{"start":{"line":257,"column":13},"end":{"line":279,"column":7}},"130":{"start":{"line":258,"column":8},"end":{"line":258,"column":26}},"131":{"start":{"line":259,"column":28},"end":{"line":259,"column":58}},"132":{"start":{"line":260,"column":8},"end":{"line":262,"column":9}},"133":{"start":{"line":261,"column":10},"end":{"line":261,"column":46}},"134":{"start":{"line":263,"column":8},"end":{"line":263,"column":23}},"135":{"start":{"line":264,"column":8},"end":{"line":264,"column":21}},"136":{"start":{"line":265,"column":13},"end":{"line":279,"column":7}},"137":{"start":{"line":266,"column":8},"end":{"line":266,"column":25}},"138":{"start":{"line":267,"column":28},"end":{"line":267,"column":58}},"139":{"start":{"line":268,"column":8},"end":{"line":270,"column":9}},"140":{"start":{"line":269,"column":10},"end":{"line":269,"column":46}},"141":{"start":{"line":272,"column":8},"end":{"line":278,"column":9}},"142":{"start":{"line":273,"column":10},"end":{"line":273,"column":28}},"143":{"start":{"line":274,"column":15},"end":{"line":278,"column":9}},"144":{"start":{"line":275,"column":10},"end":{"line":275,"column":29}},"145":{"start":{"line":276,"column":15},"end":{"line":278,"column":9}},"146":{"start":{"line":277,"column":10},"end":{"line":277,"column":27}},"147":{"start":{"line":281,"column":6},"end":{"line":283,"column":7}},"148":{"start":{"line":282,"column":8},"end":{"line":282,"column":25}},"149":{"start":{"line":285,"column":29},"end":{"line":294,"column":8}},"150":{"start":{"line":296,"column":6},"end":{"line":296,"column":20}},"151":{"start":{"line":298,"column":6},"end":{"line":300,"column":7}},"152":{"start":{"line":299,"column":8},"end":{"line":299,"column":91}},"153":{"start":{"line":301,"column":6},"end":{"line":301,"column":18}},"154":{"start":{"line":5,"column":0},"end":{"line":5,"column":13}}},"fnMap":{"0":{"name":"(anonymous_0)","decl":{"start":{"line":11,"column":2},"end":{"line":11,"column":14}},"loc":{"start":{"line":11,"column":106},"end":{"line":14,"column":3}}},"1":{"name":"(anonymous_1)","decl":{"start":{"line":16,"column":2},"end":{"line":16,"column":7}},"loc":{"start":{"line":16,"column":21},"end":{"line":40,"column":3}}},"2":{"name":"(anonymous_2)","decl":{"start":{"line":17,"column":23},"end":{"line":17,"column":24}},"loc":{"start":{"line":17,"column":43},"end":{"line":39,"column":5}}},"3":{"name":"(anonymous_3)","decl":{"start":{"line":22,"column":34},"end":{"line":22,"column":35}},"loc":{"start":{"line":22,"column":43},"end":{"line":24,"column":7}}},"4":{"name":"(anonymous_4)","decl":{"start":{"line":26,"column":34},"end":{"line":26,"column":35}},"loc":{"start":{"line":26,"column":43},"end":{"line":28,"column":7}}},"5":{"name":"(anonymous_5)","decl":{"start":{"line":30,"column":28},"end":{"line":30,"column":29}},"loc":{"start":{"line":30,"column":37},"end":{"line":38,"column":7}}},"6":{"name":"(anonymous_6)","decl":{"start":{"line":42,"column":2},"end":{"line":42,"column":7}},"loc":{"start":{"line":42,"column":52},"end":{"line":131,"column":3}}},"7":{"name":"(anonymous_7)","decl":{"start":{"line":76,"column":36},"end":{"line":76,"column":37}},"loc":{"start":{"line":76,"column":46},"end":{"line":79,"column":5}}},"8":{"name":"(anonymous_8)","decl":{"start":{"line":81,"column":43},"end":{"line":81,"column":44}},"loc":{"start":{"line":81,"column":52},"end":{"line":96,"column":5}}},"9":{"name":"(anonymous_9)","decl":{"start":{"line":98,"column":43},"end":{"line":98,"column":44}},"loc":{"start":{"line":98,"column":52},"end":{"line":118,"column":5}}},"10":{"name":"(anonymous_10)","decl":{"start":{"line":120,"column":36},"end":{"line":120,"column":37}},"loc":{"start":{"line":120,"column":45},"end":{"line":125,"column":5}}},"11":{"name":"(anonymous_11)","decl":{"start":{"line":133,"column":2},"end":{"line":133,"column":6}},"loc":{"start":{"line":133,"column":6},"end":{"line":166,"column":3}}},"12":{"name":"(anonymous_12)","decl":{"start":{"line":152,"column":37},"end":{"line":152,"column":40}},"loc":{"start":{"line":152,"column":42},"end":{"line":156,"column":7}}},"13":{"name":"(anonymous_13)","decl":{"start":{"line":168,"column":2},"end":{"line":168,"column":19}},"loc":{"start":{"line":168,"column":19},"end":{"line":170,"column":3}}},"14":{"name":"(anonymous_14)","decl":{"start":{"line":172,"column":10},"end":{"line":172,"column":23}},"loc":{"start":{"line":172,"column":38},"end":{"line":214,"column":3}}},"15":{"name":"(anonymous_15)","decl":{"start":{"line":216,"column":10},"end":{"line":216,"column":26}},"loc":{"start":{"line":216,"column":39},"end":{"line":303,"column":3}}}},"branchMap":{"0":{"loc":{"start":{"line":11,"column":14},"end":{"line":11,"column":106}},"type":"default-arg","locations":[{"start":{"line":11,"column":36},"end":{"line":11,"column":106}}]},"1":{"loc":{"start":{"line":11,"column":36},"end":{"line":11,"column":106}},"type":"binary-expr","locations":[{"start":{"line":11,"column":36},"end":{"line":11,"column":74}},{"start":{"line":11,"column":78},"end":{"line":11,"column":106}}]},"2":{"loc":{"start":{"line":31,"column":8},"end":{"line":34,"column":9}},"type":"if","locations":[{"start":{"line":31,"column":8},"end":{"line":34,"column":9}},{"start":{},"end":{}}]},"3":{"loc":{"start":{"line":46,"column":4},"end":{"line":48,"column":5}},"type":"if","locations":[{"start":{"line":46,"column":4},"end":{"line":48,"column":5}},{"start":{},"end":{}}]},"4":{"loc":{"start":{"line":68,"column":4},"end":{"line":70,"column":5}},"type":"if","locations":[{"start":{"line":68,"column":4},"end":{"line":70,"column":5}},{"start":{},"end":{}}]},"5":{"loc":{"start":{"line":85,"column":8},"end":{"line":90,"column":54}},"type":"binary-expr","locations":[{"start":{"line":85,"column":8},"end":{"line":85,"column":50}},{"start":{"line":86,"column":8},"end":{"line":86,"column":63}},{"start":{"line":87,"column":8},"end":{"line":87,"column":41}},{"start":{"line":88,"column":8},"end":{"line":88,"column":45}},{"start":{"line":89,"column":8},"end":{"line":89,"column":55}},{"start":{"line":90,"column":8},"end":{"line":90,"column":54}}]},"6":{"loc":{"start":{"line":92,"column":6},"end":{"line":95,"column":7}},"type":"if","locations":[{"start":{"line":92,"column":6},"end":{"line":95,"column":7}},{"start":{},"end":{}}]},"7":{"loc":{"start":{"line":92,"column":10},"end":{"line":92,"column":43}},"type":"binary-expr","locations":[{"start":{"line":92,"column":10},"end":{"line":92,"column":24}},{"start":{"line":92,"column":28},"end":{"line":92,"column":43}}]},"8":{"loc":{"start":{"line":102,"column":8},"end":{"line":116,"column":9}},"type":"if","locations":[{"start":{"line":102,"column":8},"end":{"line":116,"column":9}},{"start":{},"end":{}}]},"9":{"loc":{"start":{"line":104,"column":10},"end":{"line":115,"column":11}},"type":"if","locations":[{"start":{"line":104,"column":10},"end":{"line":115,"column":11}},{"start":{"line":113,"column":17},"end":{"line":115,"column":11}}]},"10":{"loc":{"start":{"line":106,"column":12},"end":{"line":108,"column":13}},"type":"if","locations":[{"start":{"line":106,"column":12},"end":{"line":108,"column":13}},{"start":{},"end":{}}]},"11":{"loc":{"start":{"line":106,"column":16},"end":{"line":106,"column":63}},"type":"binary-expr","locations":[{"start":{"line":106,"column":16},"end":{"line":106,"column":31}},{"start":{"line":106,"column":35},"end":{"line":106,"column":63}}]},"12":{"loc":{"start":{"line":109,"column":12},"end":{"line":111,"column":13}},"type":"if","locations":[{"start":{"line":109,"column":12},"end":{"line":111,"column":13}},{"start":{},"end":{}}]},"13":{"loc":{"start":{"line":113,"column":17},"end":{"line":115,"column":11}},"type":"if","locations":[{"start":{"line":113,"column":17},"end":{"line":115,"column":11}},{"start":{},"end":{}}]},"14":{"loc":{"start":{"line":122,"column":6},"end":{"line":124,"column":7}},"type":"if","locations":[{"start":{"line":122,"column":6},"end":{"line":124,"column":7}},{"start":{},"end":{}}]},"15":{"loc":{"start":{"line":122,"column":10},"end":{"line":122,"column":37}},"type":"binary-expr","locations":[{"start":{"line":122,"column":10},"end":{"line":122,"column":20}},{"start":{"line":122,"column":24},"end":{"line":122,"column":37}}]},"16":{"loc":{"start":{"line":128,"column":4},"end":{"line":130,"column":5}},"type":"if","locations":[{"start":{"line":128,"column":4},"end":{"line":130,"column":5}},{"start":{},"end":{}}]},"17":{"loc":{"start":{"line":134,"column":4},"end":{"line":137,"column":5}},"type":"if","locations":[{"start":{"line":134,"column":4},"end":{"line":137,"column":5}},{"start":{},"end":{}}]},"18":{"loc":{"start":{"line":139,"column":4},"end":{"line":144,"column":5}},"type":"if","locations":[{"start":{"line":139,"column":4},"end":{"line":144,"column":5}},{"start":{},"end":{}}]},"19":{"loc":{"start":{"line":139,"column":8},"end":{"line":139,"column":47}},"type":"binary-expr","locations":[{"start":{"line":139,"column":8},"end":{"line":139,"column":23}},{"start":{"line":139,"column":27},"end":{"line":139,"column":47}}]},"20":{"loc":{"start":{"line":140,"column":6},"end":{"line":142,"column":7}},"type":"if","locations":[{"start":{"line":140,"column":6},"end":{"line":142,"column":7}},{"start":{},"end":{}}]},"21":{"loc":{"start":{"line":146,"column":4},"end":{"line":159,"column":5}},"type":"if","locations":[{"start":{"line":146,"column":4},"end":{"line":159,"column":5}},{"start":{},"end":{}}]},"22":{"loc":{"start":{"line":147,"column":6},"end":{"line":149,"column":7}},"type":"if","locations":[{"start":{"line":147,"column":6},"end":{"line":149,"column":7}},{"start":{},"end":{}}]},"23":{"loc":{"start":{"line":153,"column":8},"end":{"line":155,"column":9}},"type":"if","locations":[{"start":{"line":153,"column":8},"end":{"line":155,"column":9}},{"start":{},"end":{}}]},"24":{"loc":{"start":{"line":163,"column":4},"end":{"line":165,"column":5}},"type":"if","locations":[{"start":{"line":163,"column":4},"end":{"line":165,"column":5}},{"start":{},"end":{}}]},"25":{"loc":{"start":{"line":181,"column":6},"end":{"line":194,"column":7}},"type":"if","locations":[{"start":{"line":181,"column":6},"end":{"line":194,"column":7}},{"start":{},"end":{}}]},"26":{"loc":{"start":{"line":182,"column":8},"end":{"line":189,"column":9}},"type":"if","locations":[{"start":{"line":182,"column":8},"end":{"line":189,"column":9}},{"start":{},"end":{}}]},"27":{"loc":{"start":{"line":182,"column":12},"end":{"line":182,"column":53}},"type":"binary-expr","locations":[{"start":{"line":182,"column":12},"end":{"line":182,"column":28}},{"start":{"line":182,"column":32},"end":{"line":182,"column":53}}]},"28":{"loc":{"start":{"line":187,"column":18},"end":{"line":187,"column":48}},"type":"binary-expr","locations":[{"start":{"line":187,"column":18},"end":{"line":187,"column":39}},{"start":{"line":187,"column":43},"end":{"line":187,"column":48}}]},"29":{"loc":{"start":{"line":191,"column":21},"end":{"line":191,"column":86}},"type":"binary-expr","locations":[{"start":{"line":191,"column":21},"end":{"line":191,"column":48}},{"start":{"line":191,"column":52},"end":{"line":191,"column":86}}]},"30":{"loc":{"start":{"line":196,"column":6},"end":{"line":201,"column":7}},"type":"if","locations":[{"start":{"line":196,"column":6},"end":{"line":201,"column":7}},{"start":{},"end":{}}]},"31":{"loc":{"start":{"line":198,"column":8},"end":{"line":200,"column":9}},"type":"if","locations":[{"start":{"line":198,"column":8},"end":{"line":200,"column":9}},{"start":{},"end":{}}]},"32":{"loc":{"start":{"line":198,"column":12},"end":{"line":198,"column":45}},"type":"binary-expr","locations":[{"start":{"line":198,"column":12},"end":{"line":198,"column":21}},{"start":{"line":198,"column":25},"end":{"line":198,"column":45}}]},"33":{"loc":{"start":{"line":204,"column":4},"end":{"line":211,"column":5}},"type":"if","locations":[{"start":{"line":204,"column":4},"end":{"line":211,"column":5}},{"start":{},"end":{}}]},"34":{"loc":{"start":{"line":204,"column":8},"end":{"line":204,"column":49}},"type":"binary-expr","locations":[{"start":{"line":204,"column":8},"end":{"line":204,"column":24}},{"start":{"line":204,"column":28},"end":{"line":204,"column":49}}]},"35":{"loc":{"start":{"line":209,"column":14},"end":{"line":209,"column":44}},"type":"binary-expr","locations":[{"start":{"line":209,"column":14},"end":{"line":209,"column":35}},{"start":{"line":209,"column":39},"end":{"line":209,"column":44}}]},"36":{"loc":{"start":{"line":217,"column":4},"end":{"line":219,"column":5}},"type":"if","locations":[{"start":{"line":217,"column":4},"end":{"line":219,"column":5}},{"start":{},"end":{}}]},"37":{"loc":{"start":{"line":217,"column":8},"end":{"line":217,"column":35}},"type":"binary-expr","locations":[{"start":{"line":217,"column":8},"end":{"line":217,"column":13}},{"start":{"line":217,"column":17},"end":{"line":217,"column":35}}]},"38":{"loc":{"start":{"line":221,"column":4},"end":{"line":223,"column":5}},"type":"if","locations":[{"start":{"line":221,"column":4},"end":{"line":223,"column":5}},{"start":{},"end":{}}]},"39":{"loc":{"start":{"line":221,"column":8},"end":{"line":221,"column":65}},"type":"binary-expr","locations":[{"start":{"line":221,"column":8},"end":{"line":221,"column":33}},{"start":{"line":221,"column":37},"end":{"line":221,"column":65}}]},"40":{"loc":{"start":{"line":230,"column":6},"end":{"line":236,"column":7}},"type":"if","locations":[{"start":{"line":230,"column":6},"end":{"line":236,"column":7}},{"start":{},"end":{}}]},"41":{"loc":{"start":{"line":233,"column":8},"end":{"line":235,"column":9}},"type":"if","locations":[{"start":{"line":233,"column":8},"end":{"line":235,"column":9}},{"start":{},"end":{}}]},"42":{"loc":{"start":{"line":239,"column":6},"end":{"line":241,"column":7}},"type":"if","locations":[{"start":{"line":239,"column":6},"end":{"line":241,"column":7}},{"start":{},"end":{}}]},"43":{"loc":{"start":{"line":244,"column":32},"end":{"line":244,"column":53}},"type":"binary-expr","locations":[{"start":{"line":244,"column":32},"end":{"line":244,"column":46}},{"start":{"line":244,"column":50},"end":{"line":244,"column":53}}]},"44":{"loc":{"start":{"line":246,"column":30},"end":{"line":246,"column":51}},"type":"binary-expr","locations":[{"start":{"line":246,"column":30},"end":{"line":246,"column":44}},{"start":{"line":246,"column":48},"end":{"line":246,"column":51}}]},"45":{"loc":{"start":{"line":251,"column":6},"end":{"line":279,"column":7}},"type":"if","locations":[{"start":{"line":251,"column":6},"end":{"line":279,"column":7}},{"start":{"line":257,"column":13},"end":{"line":279,"column":7}}]},"46":{"loc":{"start":{"line":254,"column":8},"end":{"line":256,"column":9}},"type":"if","locations":[{"start":{"line":254,"column":8},"end":{"line":256,"column":9}},{"start":{},"end":{}}]},"47":{"loc":{"start":{"line":257,"column":13},"end":{"line":279,"column":7}},"type":"if","locations":[{"start":{"line":257,"column":13},"end":{"line":279,"column":7}},{"start":{"line":265,"column":13},"end":{"line":279,"column":7}}]},"48":{"loc":{"start":{"line":260,"column":8},"end":{"line":262,"column":9}},"type":"if","locations":[{"start":{"line":260,"column":8},"end":{"line":262,"column":9}},{"start":{},"end":{}}]},"49":{"loc":{"start":{"line":265,"column":13},"end":{"line":279,"column":7}},"type":"if","locations":[{"start":{"line":265,"column":13},"end":{"line":279,"column":7}},{"start":{},"end":{}}]},"50":{"loc":{"start":{"line":268,"column":8},"end":{"line":270,"column":9}},"type":"if","locations":[{"start":{"line":268,"column":8},"end":{"line":270,"column":9}},{"start":{},"end":{}}]},"51":{"loc":{"start":{"line":272,"column":8},"end":{"line":278,"column":9}},"type":"if","locations":[{"start":{"line":272,"column":8},"end":{"line":278,"column":9}},{"start":{"line":274,"column":15},"end":{"line":278,"column":9}}]},"52":{"loc":{"start":{"line":272,"column":12},"end":{"line":272,"column":83}},"type":"binary-expr","locations":[{"start":{"line":272,"column":12},"end":{"line":272,"column":29}},{"start":{"line":272,"column":33},"end":{"line":272,"column":56}},{"start":{"line":272,"column":60},"end":{"line":272,"column":83}}]},"53":{"loc":{"start":{"line":274,"column":15},"end":{"line":278,"column":9}},"type":"if","locations":[{"start":{"line":274,"column":15},"end":{"line":278,"column":9}},{"start":{"line":276,"column":15},"end":{"line":278,"column":9}}]},"54":{"loc":{"start":{"line":274,"column":19},"end":{"line":274,"column":91}},"type":"binary-expr","locations":[{"start":{"line":274,"column":19},"end":{"line":274,"column":37}},{"start":{"line":274,"column":41},"end":{"line":274,"column":64}},{"start":{"line":274,"column":68},"end":{"line":274,"column":91}}]},"55":{"loc":{"start":{"line":276,"column":15},"end":{"line":278,"column":9}},"type":"if","locations":[{"start":{"line":276,"column":15},"end":{"line":278,"column":9}},{"start":{},"end":{}}]},"56":{"loc":{"start":{"line":281,"column":6},"end":{"line":283,"column":7}},"type":"if","locations":[{"start":{"line":281,"column":6},"end":{"line":283,"column":7}},{"start":{},"end":{}}]},"57":{"loc":{"start":{"line":281,"column":10},"end":{"line":281,"column":70}},"type":"binary-expr","locations":[{"start":{"line":281,"column":10},"end":{"line":281,"column":28}},{"start":{"line":281,"column":33},"end":{"line":281,"column":50}},{"start":{"line":281,"column":54},"end":{"line":281,"column":69}}]},"58":{"loc":{"start":{"line":293,"column":14},"end":{"line":293,"column":31}},"type":"binary-expr","locations":[{"start":{"line":293,"column":14},"end":{"line":293,"column":18}},{"start":{"line":293,"column":22},"end":{"line":293,"column":31}}]},"59":{"loc":{"start":{"line":298,"column":6},"end":{"line":300,"column":7}},"type":"if","locations":[{"start":{"line":298,"column":6},"end":{"line":300,"column":7}},{"start":{},"end":{}}]}},"s":{"0":2,"1":2,"2":23,"3":23,"4":23,"5":23,"6":23,"7":0,"8":0,"9":0,"10":0,"11":0,"12":0,"13":0,"14":0,"15":0,"16":0,"17":0,"18":0,"19":0,"20":0,"21":3,"22":3,"23":3,"24":0,"25":3,"26":3,"27":3,"28":0,"29":3,"30":3,"31":3,"32":1,"33":0,"34":3,"35":0,"36":0,"37":0,"38":0,"39":0,"40":3,"41":0,"42":0,"43":0,"44":0,"45":0,"46":0,"47":0,"48":0,"49":0,"50":0,"51":0,"52":0,"53":0,"54":0,"55":3,"56":2,"57":2,"58":0,"59":3,"60":3,"61":0,"62":4,"63":0,"64":0,"65":4,"66":1,"67":0,"68":1,"69":3,"70":3,"71":0,"72":3,"73":3,"74":0,"75":0,"76":3,"77":3,"78":3,"79":3,"80":0,"81":14,"82":0,"83":0,"84":0,"85":0,"86":0,"87":0,"88":0,"89":0,"90":0,"91":0,"92":0,"93":0,"94":0,"95":0,"96":0,"97":0,"98":0,"99":0,"100":0,"101":0,"102":14,"103":2,"104":12,"105":1,"106":11,"107":11,"108":11,"109":11,"110":11,"111":1,"112":1,"113":1,"114":1,"115":11,"116":11,"117":1,"118":10,"119":10,"120":10,"121":10,"122":10,"123":10,"124":10,"125":3,"126":3,"127":3,"128":3,"129":7,"130":1,"131":1,"132":1,"133":1,"134":1,"135":1,"136":6,"137":6,"138":6,"139":6,"140":6,"141":6,"142":1,"143":5,"144":1,"145":4,"146":0,"147":10,"148":2,"149":10,"150":10,"151":0,"152":0,"153":0,"154":2},"f":{"0":23,"1":0,"2":0,"3":0,"4":0,"5":0,"6":3,"7":1,"8":0,"9":0,"10":2,"11":4,"12":0,"13":14,"14":0,"15":14},"b":{"0":[0],"1":[0,0],"2":[0,0],"3":[0,3],"4":[0,3],"5":[0,0,0,0,0,0],"6":[0,0],"7":[0,0],"8":[0,0],"9":[0,0],"10":[0,0],"11":[0,0],"12":[0,0],"13":[0,0],"14":[0,2],"15":[2,0],"16":[0,3],"17":[0,4],"18":[1,3],"19":[4,1],"20":[0,1],"21":[3,0],"22":[0,3],"23":[0,0],"24":[0,3],"25":[0,0],"26":[0,0],"27":[0,0],"28":[0,0],"29":[0,0],"30":[0,0],"31":[0,0],"32":[0,0],"33":[0,0],"34":[0,0],"35":[0,0],"36":[2,12],"37":[14,13],"38":[1,11],"39":[12,11],"40":[1,10],"41":[1,0],"42":[1,10],"43":[10,1],"44":[10,1],"45":[3,7],"46":[3,0],"47":[1,6],"48":[1,0],"49":[6,0],"50":[6,0],"51":[1,5],"52":[6,4,1],"53":[1,4],"54":[5,2,1],"55":[0,4],"56":[2,8],"57":[10,3,1],"58":[10,9],"59":[0,0]}}
,"/home/kobisteve07/projects/packetview/backend/src/shared/types/index.ts": {"path":"/home/kobisteve07/projects/packetview/backend/src/shared/types/index.ts","statementMap":{"0":{"start":{"line":12,"column":0},"end":{"line":12,"column":null}},"1":{"start":{"line":13,"column":2},"end":{"line":13,"column":null}},"2":{"start":{"line":14,"column":2},"end":{"line":14,"column":null}},"3":{"start":{"line":15,"column":2},"end":{"line":15,"column":null}},"4":{"start":{"line":16,"column":2},"end":{"line":16,"column":null}},"5":{"start":{"line":17,"column":2},"end":{"line":17,"column":null}},"6":{"start":{"line":18,"column":2},"end":{"line":18,"column":null}},"7":{"start":{"line":19,"column":2},"end":{"line":19,"column":null}},"8":{"start":{"line":20,"column":2},"end":{"line":20,"column":null}},"9":{"start":{"line":21,"column":2},"end":{"line":21,"column":null}},"10":{"start":{"line":22,"column":2},"end":{"line":22,"column":null}},"11":{"start":{"line":38,"column":0},"end":{"line":38,"column":null}},"12":{"start":{"line":39,"column":2},"end":{"line":39,"column":null}},"13":{"start":{"line":40,"column":2},"end":{"line":40,"column":null}},"14":{"start":{"line":41,"column":2},"end":{"line":41,"column":null}},"15":{"start":{"line":42,"column":2},"end":{"line":42,"column":null}},"16":{"start":{"line":43,"column":2},"end":{"line":43,"column":null}},"17":{"start":{"line":44,"column":2},"end":{"line":44,"column":null}},"18":{"start":{"line":76,"column":0},"end":{"line":76,"column":null}},"19":{"start":{"line":77,"column":2},"end":{"line":77,"column":null}},"20":{"start":{"line":78,"column":2},"end":{"line":78,"column":null}},"21":{"start":{"line":79,"column":2},"end":{"line":79,"column":null}},"22":{"start":{"line":80,"column":2},"end":{"line":80,"column":null}},"23":{"start":{"line":81,"column":2},"end":{"line":81,"column":null}},"24":{"start":{"line":82,"column":2},"end":{"line":82,"column":null}}},"fnMap":{"0":{"name":"(anonymous_0)","decl":{"start":{"line":12,"column":0},"end":{"line":12,"column":12}},"loc":{"start":{"line":12,"column":20},"end":{"line":23,"column":1}}},"1":{"name":"(anonymous_1)","decl":{"start":{"line":38,"column":0},"end":{"line":38,"column":12}},"loc":{"start":{"line":38,"column":22},"end":{"line":45,"column":1}}},"2":{"name":"(anonymous_2)","decl":{"start":{"line":76,"column":0},"end":{"line":76,"column":12}},"loc":{"start":{"line":76,"column":32},"end":{"line":83,"column":1}}}},"branchMap":{"0":{"loc":{"start":{"line":12,"column":12},"end":{"line":12,"column":null}},"type":"binary-expr","locations":[{"start":{"line":12,"column":12},"end":{"line":12,"column":20}},{"start":{"line":12,"column":20},"end":{"line":12,"column":null}}]},"1":{"loc":{"start":{"line":38,"column":12},"end":{"line":38,"column":null}},"type":"binary-expr","locations":[{"start":{"line":38,"column":12},"end":{"line":38,"column":22}},{"start":{"line":38,"column":22},"end":{"line":38,"column":null}}]},"2":{"loc":{"start":{"line":76,"column":12},"end":{"line":76,"column":null}},"type":"binary-expr","locations":[{"start":{"line":76,"column":12},"end":{"line":76,"column":32}},{"start":{"line":76,"column":32},"end":{"line":76,"column":null}}]}},"s":{"0":0,"1":0,"2":0,"3":0,"4":0,"5":0,"6":0,"7":0,"8":0,"9":0,"10":0,"11":0,"12":0,"13":0,"14":0,"15":0,"16":0,"17":0,"18":0,"19":0,"20":0,"21":0,"22":0,"23":0,"24":0},"f":{"0":0,"1":0,"2":0},"b":{"0":[0,0],"1":[0,0],"2":[0,0]}}
}
