TN:
SF:src/services/NetworkAnalysisService.ts
FN:8,(anonymous_0)
FN:17,(anonymous_1)
FN:31,(anonymous_2)
FN:56,(anonymous_3)
FN:65,(anonymous_4)
FN:99,(anonymous_5)
FN:115,(anonymous_6)
FN:173,(anonymous_7)
FN:177,(anonymous_8)
FN:186,(anonymous_9)
FN:190,(anonymous_10)
FN:198,(anonymous_11)
FN:212,(anonymous_12)
FN:226,(anonymous_13)
FN:227,(anonymous_14)
FN:232,(anonymous_15)
FN:236,(anonymous_16)
FN:245,(anonymous_17)
FN:253,(anonymous_18)
FN:261,(anonymous_19)
FNF:20
FNH:18
FNDA:22,(anonymous_0)
FNDA:30,(anonymous_1)
FNDA:30,(anonymous_2)
FNDA:60,(anonymous_3)
FNDA:57,(anonymous_4)
FNDA:45,(anonymous_5)
FNDA:30,(anonymous_6)
FNDA:30,(anonymous_7)
FNDA:4,(anonymous_8)
FNDA:8,(anonymous_9)
FNDA:4,(anonymous_10)
FNDA:0,(anonymous_11)
FNDA:0,(anonymous_12)
FNDA:4,(anonymous_13)
FNDA:2,(anonymous_14)
FNDA:10,(anonymous_15)
FNDA:2,(anonymous_16)
FNDA:6,(anonymous_17)
FNDA:3,(anonymous_18)
FNDA:1,(anonymous_19)
DA:1,1
DA:3,1
DA:9,22
DA:10,22
DA:11,22
DA:12,22
DA:13,0
DA:18,30
DA:19,0
DA:26,30
DA:27,30
DA:28,30
DA:32,30
DA:33,30
DA:35,30
DA:36,29
DA:37,29
DA:38,29
DA:39,0
DA:41,1
DA:42,0
DA:45,30
DA:46,28
DA:47,28
DA:48,28
DA:49,0
DA:51,2
DA:52,0
DA:57,60
DA:66,57
DA:67,45
DA:78,45
DA:79,45
DA:80,0
DA:83,12
DA:84,12
DA:85,2
DA:86,2
DA:87,0
DA:90,12
DA:91,0
DA:92,0
DA:93,0
DA:100,45
DA:101,0
DA:104,45
DA:105,22
DA:108,23
DA:109,23
DA:112,0
DA:116,30
DA:117,30
DA:119,30
DA:120,28
DA:129,28
DA:130,28
DA:131,0
DA:135,30
DA:136,30
DA:137,30
DA:139,30
DA:140,0
DA:141,0
DA:142,0
DA:152,0
DA:155,30
DA:156,30
DA:158,30
DA:159,29
DA:160,29
DA:163,30
DA:164,28
DA:165,28
DA:168,30
DA:169,0
DA:174,30
DA:178,4
DA:179,4
DA:180,4
DA:182,4
DA:183,4
DA:185,4
DA:186,8
DA:189,4
DA:190,4
DA:193,4
DA:194,0
DA:196,0
DA:197,0
DA:198,0
DA:199,0
DA:200,0
DA:201,0
DA:202,0
DA:203,0
DA:204,0
DA:205,0
DA:206,0
DA:210,0
DA:211,0
DA:212,0
DA:213,0
DA:214,0
DA:215,0
DA:216,0
DA:217,0
DA:218,0
DA:219,0
DA:220,0
DA:225,4
DA:226,4
DA:227,2
DA:233,10
DA:237,2
DA:238,2
DA:239,2
DA:242,0
DA:246,6
DA:247,6
DA:248,0
DA:250,6
DA:254,3
DA:255,3
DA:256,0
DA:258,3
DA:262,1
DA:263,0
DA:265,1
DA:266,1
LF:129
LH:83
BRDA:8,0,0,0
BRDA:8,1,0,0
BRDA:8,1,1,0
BRDA:12,2,0,0
BRDA:12,2,1,22
BRDA:18,3,0,0
BRDA:18,3,1,30
BRDA:32,4,0,30
BRDA:32,4,1,27
BRDA:33,5,0,30
BRDA:33,5,1,27
BRDA:35,6,0,29
BRDA:35,6,1,1
BRDA:38,7,0,0
BRDA:38,7,1,29
BRDA:38,8,0,29
BRDA:38,8,1,29
BRDA:41,9,0,0
BRDA:41,9,1,1
BRDA:45,10,0,28
BRDA:45,10,1,2
BRDA:48,11,0,0
BRDA:48,11,1,28
BRDA:48,12,0,28
BRDA:48,12,1,28
BRDA:51,13,0,0
BRDA:51,13,1,2
BRDA:57,14,0,60
BRDA:57,14,1,59
BRDA:57,14,2,58
BRDA:57,14,3,57
BRDA:57,14,4,57
BRDA:57,14,5,57
BRDA:65,15,0,0
BRDA:66,16,0,45
BRDA:66,16,1,12
BRDA:79,17,0,0
BRDA:79,17,1,45
BRDA:80,18,0,0
BRDA:80,18,1,0
BRDA:84,19,0,2
BRDA:84,19,1,10
BRDA:84,20,0,12
BRDA:84,20,1,12
BRDA:84,20,2,2
BRDA:86,21,0,0
BRDA:86,21,1,2
BRDA:90,22,0,0
BRDA:90,22,1,12
BRDA:90,23,0,12
BRDA:90,23,1,12
BRDA:92,24,0,0
BRDA:92,24,1,0
BRDA:100,25,0,0
BRDA:100,25,1,45
BRDA:100,26,0,45
BRDA:100,26,1,45
BRDA:104,27,0,22
BRDA:104,27,1,23
BRDA:104,28,0,45
BRDA:104,28,1,22
BRDA:104,28,2,1
BRDA:104,28,3,0
BRDA:108,29,0,23
BRDA:108,29,1,0
BRDA:108,30,0,23
BRDA:108,30,1,3
BRDA:108,30,2,2
BRDA:119,31,0,28
BRDA:119,31,1,2
BRDA:130,32,0,0
BRDA:130,32,1,28
BRDA:139,33,0,0
BRDA:139,33,1,30
BRDA:149,34,0,0
BRDA:149,34,1,0
BRDA:150,35,0,0
BRDA:150,35,1,0
BRDA:158,36,0,29
BRDA:158,36,1,1
BRDA:163,37,0,28
BRDA:163,37,1,2
BRDA:168,38,0,0
BRDA:168,38,1,30
BRDA:168,39,0,30
BRDA:168,39,1,0
BRDA:193,40,0,0
BRDA:193,40,1,4
BRDA:196,41,0,0
BRDA:196,41,1,0
BRDA:201,42,0,0
BRDA:201,42,1,0
BRDA:210,43,0,0
BRDA:210,43,1,0
BRDA:238,44,0,2
BRDA:238,44,1,0
BRDA:238,45,0,2
BRDA:238,45,1,2
BRDA:238,45,2,2
BRDA:247,46,0,0
BRDA:247,46,1,6
BRDA:255,47,0,0
BRDA:255,47,1,3
BRDA:262,48,0,0
BRDA:262,48,1,1
BRF:105
BRH:66
end_of_record
TN:
SF:src/services/PacketCaptureService.ts
FN:11,(anonymous_0)
FN:16,(anonymous_1)
FN:17,(anonymous_2)
FN:22,(anonymous_3)
FN:26,(anonymous_4)
FN:30,(anonymous_5)
FN:42,(anonymous_6)
FN:76,(anonymous_7)
FN:81,(anonymous_8)
FN:98,(anonymous_9)
FN:120,(anonymous_10)
FN:133,(anonymous_11)
FN:152,(anonymous_12)
FN:168,(anonymous_13)
FN:172,(anonymous_14)
FN:216,(anonymous_15)
FNF:16
FNH:7
FNDA:23,(anonymous_0)
FNDA:0,(anonymous_1)
FNDA:0,(anonymous_2)
FNDA:0,(anonymous_3)
FNDA:0,(anonymous_4)
FNDA:0,(anonymous_5)
FNDA:3,(anonymous_6)
FNDA:1,(anonymous_7)
FNDA:0,(anonymous_8)
FNDA:0,(anonymous_9)
FNDA:2,(anonymous_10)
FNDA:4,(anonymous_11)
FNDA:0,(anonymous_12)
FNDA:14,(anonymous_13)
FNDA:0,(anonymous_14)
FNDA:14,(anonymous_15)
DA:1,2
DA:2,2
DA:5,2
DA:6,23
DA:7,23
DA:9,23
DA:12,23
DA:13,23
DA:17,0
DA:18,0
DA:19,0
DA:20,0
DA:22,0
DA:23,0
DA:26,0
DA:27,0
DA:30,0
DA:31,0
DA:32,0
DA:33,0
DA:36,0
DA:37,0
DA:43,3
DA:44,3
DA:46,3
DA:47,0
DA:50,3
DA:59,3
DA:68,3
DA:69,0
DA:72,3
DA:74,3
DA:76,3
DA:77,1
DA:78,0
DA:81,3
DA:82,0
DA:85,0
DA:92,0
DA:93,0
DA:94,0
DA:98,3
DA:99,0
DA:100,0
DA:101,0
DA:102,0
DA:103,0
DA:104,0
DA:105,0
DA:106,0
DA:107,0
DA:109,0
DA:110,0
DA:112,0
DA:113,0
DA:114,0
DA:120,3
DA:121,2
DA:122,2
DA:123,0
DA:127,3
DA:128,3
DA:129,0
DA:134,4
DA:135,0
DA:136,0
DA:139,4
DA:140,1
DA:141,0
DA:143,1
DA:146,3
DA:147,3
DA:148,0
DA:150,3
DA:152,3
DA:153,0
DA:154,0
DA:158,3
DA:161,3
DA:162,3
DA:163,3
DA:164,0
DA:169,14
DA:173,0
DA:174,0
DA:175,0
DA:177,0
DA:178,0
DA:180,0
DA:181,0
DA:182,0
DA:183,0
DA:190,0
DA:191,0
DA:192,0
DA:193,0
DA:196,0
DA:197,0
DA:198,0
DA:199,0
DA:204,0
DA:205,0
DA:213,0
DA:217,14
DA:218,2
DA:221,12
DA:222,1
DA:225,11
DA:226,11
DA:227,11
DA:229,11
DA:230,11
DA:231,1
DA:232,1
DA:233,1
DA:234,1
DA:238,11
DA:239,11
DA:240,1
DA:243,10
DA:244,10
DA:245,10
DA:246,10
DA:248,10
DA:249,10
DA:251,10
DA:252,3
DA:253,3
DA:254,3
DA:255,3
DA:257,7
DA:258,1
DA:259,1
DA:260,1
DA:261,1
DA:263,1
DA:264,1
DA:265,6
DA:266,6
DA:267,6
DA:268,6
DA:269,6
DA:272,6
DA:273,1
DA:274,5
DA:275,1
DA:276,4
DA:277,0
DA:281,10
DA:282,2
DA:285,10
DA:296,10
DA:298,0
DA:299,0
DA:301,0
LF:155
LH:86
BRDA:11,0,0,0
BRDA:11,1,0,0
BRDA:11,1,1,0
BRDA:31,2,0,0
BRDA:31,2,1,0
BRDA:46,3,0,0
BRDA:46,3,1,3
BRDA:68,4,0,0
BRDA:68,4,1,3
BRDA:85,5,0,0
BRDA:85,5,1,0
BRDA:85,5,2,0
BRDA:85,5,3,0
BRDA:85,5,4,0
BRDA:85,5,5,0
BRDA:92,6,0,0
BRDA:92,6,1,0
BRDA:92,7,0,0
BRDA:92,7,1,0
BRDA:102,8,0,0
BRDA:102,8,1,0
BRDA:104,9,0,0
BRDA:104,9,1,0
BRDA:106,10,0,0
BRDA:106,10,1,0
BRDA:106,11,0,0
BRDA:106,11,1,0
BRDA:109,12,0,0
BRDA:109,12,1,0
BRDA:113,13,0,0
BRDA:113,13,1,0
BRDA:122,14,0,0
BRDA:122,14,1,2
BRDA:122,15,0,2
BRDA:122,15,1,0
BRDA:128,16,0,0
BRDA:128,16,1,3
BRDA:134,17,0,0
BRDA:134,17,1,4
BRDA:139,18,0,1
BRDA:139,18,1,3
BRDA:139,19,0,4
BRDA:139,19,1,1
BRDA:140,20,0,0
BRDA:140,20,1,1
BRDA:146,21,0,3
BRDA:146,21,1,0
BRDA:147,22,0,0
BRDA:147,22,1,3
BRDA:153,23,0,0
BRDA:153,23,1,0
BRDA:163,24,0,0
BRDA:163,24,1,3
BRDA:181,25,0,0
BRDA:181,25,1,0
BRDA:182,26,0,0
BRDA:182,26,1,0
BRDA:182,27,0,0
BRDA:182,27,1,0
BRDA:187,28,0,0
BRDA:187,28,1,0
BRDA:191,29,0,0
BRDA:191,29,1,0
BRDA:196,30,0,0
BRDA:196,30,1,0
BRDA:198,31,0,0
BRDA:198,31,1,0
BRDA:198,32,0,0
BRDA:198,32,1,0
BRDA:204,33,0,0
BRDA:204,33,1,0
BRDA:204,34,0,0
BRDA:204,34,1,0
BRDA:209,35,0,0
BRDA:209,35,1,0
BRDA:217,36,0,2
BRDA:217,36,1,12
BRDA:217,37,0,14
BRDA:217,37,1,13
BRDA:221,38,0,1
BRDA:221,38,1,11
BRDA:221,39,0,12
BRDA:221,39,1,11
BRDA:230,40,0,1
BRDA:230,40,1,10
BRDA:233,41,0,1
BRDA:233,41,1,0
BRDA:239,42,0,1
BRDA:239,42,1,10
BRDA:244,43,0,10
BRDA:244,43,1,1
BRDA:246,44,0,10
BRDA:246,44,1,1
BRDA:251,45,0,3
BRDA:251,45,1,7
BRDA:254,46,0,3
BRDA:254,46,1,0
BRDA:257,47,0,1
BRDA:257,47,1,6
BRDA:260,48,0,1
BRDA:260,48,1,0
BRDA:265,49,0,6
BRDA:265,49,1,0
BRDA:268,50,0,6
BRDA:268,50,1,0
BRDA:272,51,0,1
BRDA:272,51,1,5
BRDA:272,52,0,6
BRDA:272,52,1,4
BRDA:272,52,2,1
BRDA:274,53,0,1
BRDA:274,53,1,4
BRDA:274,54,0,5
BRDA:274,54,1,2
BRDA:274,54,2,1
BRDA:276,55,0,0
BRDA:276,55,1,4
BRDA:281,56,0,2
BRDA:281,56,1,8
BRDA:281,57,0,10
BRDA:281,57,1,3
BRDA:281,57,2,1
BRDA:293,58,0,10
BRDA:293,58,1,9
BRDA:298,59,0,0
BRDA:298,59,1,0
BRF:126
BRH:57
end_of_record
TN:
SF:src/shared/types/index.ts
FN:12,(anonymous_0)
FN:38,(anonymous_1)
FN:76,(anonymous_2)
FNF:3
FNH:0
FNDA:0,(anonymous_0)
FNDA:0,(anonymous_1)
FNDA:0,(anonymous_2)
DA:12,0
DA:13,0
DA:14,0
DA:15,0
DA:16,0
DA:17,0
DA:18,0
DA:19,0
DA:20,0
DA:21,0
DA:22,0
DA:38,0
DA:39,0
DA:40,0
DA:41,0
DA:42,0
DA:43,0
DA:44,0
DA:76,0
DA:77,0
DA:78,0
DA:79,0
DA:80,0
DA:81,0
DA:82,0
LF:25
LH:0
BRDA:12,0,0,0
BRDA:12,0,1,0
BRDA:38,1,0,0
BRDA:38,1,1,0
BRDA:76,2,0,0
BRDA:76,2,1,0
BRF:6
BRH:0
end_of_record
